# JRE version: OpenJDK Runtime Environment (14.0.1+14) (build 14.0.1+14)
# Java VM: OpenJDK 64-Bit Server VM (14.0.1+14, mixed mode, sharing, tiered, compressed oops, g1 gc, bsd-amd64)
Heap:
 garbage-first heap   total 119808K, used 53155K [0x0000000780000000, 0x0000000800000000)
  region size 1024K, 9 young (9216K), 7 survivors (7168K)
 Metaspace       used 39106K, capacity 40806K, committed 41088K, reserved 1085440K
  class space    used 4938K, capacity 5668K, committed 5760K, reserved 1048576K
GC Heap History (20 events):
Event: 0.810 GC heap before
{Heap before GC invocations=1 (full 0):
 garbage-first heap   total 133120K, used 19111K [0x0000000780000000, 0x0000000800000000)
  region size 1024K, 17 young (17408K), 2 survivors (2048K)
 Metaspace       used 7410K, capacity 8426K, committed 8576K, reserved 1056768K
  class space    used 750K, capacity 827K, committed 896K, reserved 1048576K
}
Event: 0.814 GC heap after
{Heap after GC invocations=2 (full 0):
 garbage-first heap   total 133120K, used 6505K [0x0000000780000000, 0x0000000800000000)
  region size 1024K, 2 young (2048K), 2 survivors (2048K)
 Metaspace       used 7410K, capacity 8426K, committed 8576K, reserved 1056768K
  class space    used 750K, capacity 827K, committed 896K, reserved 1048576K
}
Event: 1.462 GC heap before
{Heap before GC invocations=2 (full 0):
 garbage-first heap   total 133120K, used 44393K [0x0000000780000000, 0x0000000800000000)
  region size 1024K, 39 young (39936K), 2 survivors (2048K)
 Metaspace       used 11079K, capacity 11497K, committed 11776K, reserved 1060864K
  class space    used 1137K, capacity 1272K, committed 1280K, reserved 1048576K
}
Event: 1.474 GC heap after
{Heap after GC invocations=3 (full 0):
 garbage-first heap   total 133120K, used 11354K [0x0000000780000000, 0x0000000800000000)
  region size 1024K, 5 young (5120K), 5 survivors (5120K)
 Metaspace       used 11079K, capacity 11497K, committed 11776K, reserved 1060864K
  class space    used 1137K, capacity 1272K, committed 1280K, reserved 1048576K
}
Event: 1.789 GC heap before
{Heap before GC invocations=3 (full 0):
 garbage-first heap   total 133120K, used 75866K [0x0000000780000000, 0x0000000800000000)
  region size 1024K, 68 young (69632K), 5 survivors (5120K)
 Metaspace       used 12362K, capacity 12765K, committed 13056K, reserved 1060864K
  class space    used 1309K, capacity 1464K, committed 1536K, reserved 1048576K
}
Event: 1.801 GC heap after
{Heap after GC invocations=4 (full 0):
 garbage-first heap   total 133120K, used 13595K [0x0000000780000000, 0x0000000800000000)
  region size 1024K, 6 young (6144K), 6 survivors (6144K)
 Metaspace       used 12362K, capacity 12765K, committed 13056K, reserved 1060864K
  class space    used 1309K, capacity 1464K, committed 1536K, reserved 1048576K
}
Event: 2.589 GC heap before
{Heap before GC invocations=4 (full 0):
 garbage-first heap   total 133120K, used 85275K [0x0000000780000000, 0x0000000800000000)
  region size 1024K, 76 young (77824K), 6 survivors (6144K)
 Metaspace       used 15741K, capacity 16411K, committed 16768K, reserved 1064960K
  class space    used 1776K, capacity 2060K, committed 2176K, reserved 1048576K
}
Event: 2.601 GC heap after
{Heap after GC invocations=5 (full 0):
 garbage-first heap   total 159744K, used 17111K [0x0000000780000000, 0x0000000800000000)
  region size 1024K, 9 young (9216K), 9 survivors (9216K)
 Metaspace       used 15741K, capacity 16411K, committed 16768K, reserved 1064960K
  class space    used 1776K, capacity 2060K, committed 2176K, reserved 1048576K
}
Event: 8.217 GC heap before
{Heap before GC invocations=5 (full 0):
 garbage-first heap   total 159744K, used 67287K [0x0000000780000000, 0x0000000800000000)
  region size 1024K, 59 young (60416K), 9 survivors (9216K)
 Metaspace       used 20337K, capacity 21038K, committed 21248K, reserved 1067008K
  class space    used 2410K, capacity 2708K, committed 2816K, reserved 1048576K
}
Event: 8.236 GC heap after
{Heap after GC invocations=6 (full 0):
 garbage-first heap   total 159744K, used 23802K [0x0000000780000000, 0x0000000800000000)
  region size 1024K, 12 young (12288K), 12 survivors (12288K)
 Metaspace       used 20337K, capacity 21038K, committed 21248K, reserved 1067008K
  class space    used 2410K, capacity 2708K, committed 2816K, reserved 1048576K
}
Event: 8.811 GC heap before
{Heap before GC invocations=7 (full 0):
 garbage-first heap   total 99328K, used 70906K [0x0000000780000000, 0x0000000800000000)
  region size 1024K, 58 young (59392K), 12 survivors (12288K)
 Metaspace       used 23896K, capacity 24824K, committed 25088K, reserved 1071104K
  class space    used 2902K, capacity 3275K, committed 3328K, reserved 1048576K
}
Event: 8.834 GC heap after
{Heap after GC invocations=8 (full 0):
 garbage-first heap   total 99328K, used 29174K [0x0000000780000000, 0x0000000800000000)
  region size 1024K, 5 young (5120K), 5 survivors (5120K)
 Metaspace       used 23896K, capacity 24824K, committed 25088K, reserved 1071104K
  class space    used 2902K, capacity 3275K, committed 3328K, reserved 1048576K
}
Event: 9.253 GC heap before
{Heap before GC invocations=8 (full 0):
 garbage-first heap   total 99328K, used 71158K [0x0000000780000000, 0x0000000800000000)
  region size 1024K, 47 young (48128K), 5 survivors (5120K)
 Metaspace       used 27217K, capacity 28258K, committed 28544K, reserved 1073152K
  class space    used 3439K, capacity 3865K, committed 3968K, reserved 1048576K
}
Event: 9.265 GC heap after
{Heap after GC invocations=9 (full 0):
 garbage-first heap   total 99328K, used 32039K [0x0000000780000000, 0x0000000800000000)
  region size 1024K, 3 young (3072K), 3 survivors (3072K)
 Metaspace       used 27217K, capacity 28258K, committed 28544K, reserved 1073152K
  class space    used 3439K, capacity 3865K, committed 3968K, reserved 1048576K
}
Event: 11.189 GC heap before
{Heap before GC invocations=9 (full 0):
 garbage-first heap   total 99328K, used 74023K [0x0000000780000000, 0x0000000800000000)
  region size 1024K, 44 young (45056K), 3 survivors (3072K)
 Metaspace       used 33713K, capacity 35029K, committed 35328K, reserved 1079296K
  class space    used 4329K, capacity 4835K, committed 4864K, reserved 1048576K
}
Event: 11.205 GC heap after
{Heap after GC invocations=10 (full 0):
 garbage-first heap   total 119808K, used 39714K [0x0000000780000000, 0x0000000800000000)
  region size 1024K, 6 young (6144K), 6 survivors (6144K)
 Metaspace       used 33713K, capacity 35029K, committed 35328K, reserved 1079296K
  class space    used 4329K, capacity 4835K, committed 4864K, reserved 1048576K
}
Event: 11.351 GC heap before
{Heap before GC invocations=10 (full 0):
 garbage-first heap   total 119808K, used 47906K [0x0000000780000000, 0x0000000800000000)
  region size 1024K, 15 young (15360K), 6 survivors (6144K)
 Metaspace       used 34193K, capacity 35682K, committed 35840K, reserved 1081344K
  class space    used 4403K, capacity 4992K, committed 4992K, reserved 1048576K
}
Event: 11.365 GC heap after
{Heap after GC invocations=11 (full 0):
 garbage-first heap   total 119808K, used 40971K [0x0000000780000000, 0x0000000800000000)
  region size 1024K, 1 young (1024K), 1 survivors (1024K)
 Metaspace       used 34193K, capacity 35682K, committed 35840K, reserved 1081344K
  class space    used 4403K, capacity 4992K, committed 4992K, reserved 1048576K
}
Event: 52868.121 GC heap before
{Heap before GC invocations=12 (full 0):
 garbage-first heap   total 119808K, used 91147K [0x0000000780000000, 0x0000000800000000)
  region size 1024K, 50 young (51200K), 1 survivors (1024K)
 Metaspace       used 39083K, capacity 40800K, committed 41088K, reserved 1085440K
  class space    used 4937K, capacity 5666K, committed 5760K, reserved 1048576K
}
Event: 52868.184 GC heap after
{Heap after GC invocations=13 (full 0):
 garbage-first heap   total 119808K, used 52131K [0x0000000780000000, 0x0000000800000000)
  region size 1024K, 7 young (7168K), 7 survivors (7168K)
 Metaspace       used 39083K, capacity 40800K, committed 41088K, reserved 1085440K
  class space    used 4937K, capacity 5666K, committed 5760K, reserved 1048576K
}

